<?xml version="1.0" encoding="UTF-8"?>
<!-- Generated by org.testng.reporters.JUnitXMLReporter -->
<testsuite hostname="SFSIND0510" ignored="0" name="Galaxy EC Test Cases" tests="4" failures="1" timestamp="09 Aug 2018 11:59:48 GMT" time="28.625" errors="0">
  <testcase name="loginPageTitletest" time="0.013" classname="com.galaxy.ec.testdata.LoginPageTest"/>
  <testcase name="verifyHomePageTitleTest" time="0.014" classname="com.galaxy.ec.testdata.HomePageTest">
    <failure type="java.lang.AssertionError" message="HomePage Title not matched expected [AgentDashboard] but found [Login]">
      <![CDATA[java.lang.AssertionError: HomePage Title not matched expected [AgentDashboard] but found [Login]
at com.galaxy.ec.testdata.HomePageTest.verifyHomePageTitleTest(HomePageTest.java:33)
... Removed 30 stack frames]]>
    </failure>
  </testcase> <!-- verifyHomePageTitleTest -->
  <testcase name="LogoTest" time="0.039" classname="com.galaxy.ec.testdata.LoginPageTest"/>
  <testcase name="loginTest" time="1.056" classname="com.galaxy.ec.testdata.LoginPageTest"/>
</testsuite> <!-- Galaxy EC Test Cases -->
