<?xml version="1.0" encoding="UTF-8"?>
<!-- Generated by org.testng.reporters.JUnitXMLReporter -->
<testsuite hostname="SFSIND0510" ignored="0" name="Default test" tests="3" failures="0" timestamp="09 Aug 2018 11:54:54 GMT" time="25.656" errors="0">
  <testcase name="loginPageTitletest" time="0.016" classname="com.galaxy.ec.testdata.LoginPageTest"/>
  <testcase name="LogoTest" time="1.5" classname="com.galaxy.ec.testdata.LoginPageTest"/>
  <testcase name="loginTest" time="1.545" classname="com.galaxy.ec.testdata.LoginPageTest"/>
</testsuite> <!-- Default test -->
